0 info it worked if it ends with ok
1 verbose cli [ '/Users/blinginbeckwith/.nvm/versions/node/v6.9.2/bin/node',
1 verbose cli   '/Users/blinginbeckwith/.nvm/versions/node/v6.9.2/bin/npm',
1 verbose cli   'run',
1 verbose cli   'prepush' ]
2 info using npm@3.10.9
3 info using node@v6.9.2
4 verbose run-script [ 'prepush' ]
5 info lifecycle paper@0.10.2~prepush: paper@0.10.2
6 verbose lifecycle paper@0.10.2~prepush: unsafe-perm in lifecycle true
7 verbose lifecycle paper@0.10.2~prepush: PATH: /Users/blinginbeckwith/.nvm/versions/node/v6.9.2/lib/node_modules/npm/bin/node-gyp-bin:/Users/blinginbeckwith/Documents/FocalCast/Docker/Node/local_modules/paper.js-src/node_modules/.bin:/Users/blinginbeckwith/.nvm/versions/node/v6.9.2/bin:/usr/local/Cellar/git/2.9.2/libexec/git-core:/usr/local/bin:/usr/bin:/bin:/usr/sbin:/sbin:/opt/X11/bin:/usr/local/CrossPack-AVR/bin:/usr/local/git/bin:/usr/local/MacGPG2/bin:/Library/TeX/texbin:/usr/local/texlive/2016basic/bin/x86_64-darwin:/usr/local/sbin:/usr/local/bin:/usr/local
8 verbose lifecycle paper@0.10.2~prepush: CWD: /Users/blinginbeckwith/Documents/FocalCast/Docker/Node/local_modules/paper.js-src
9 silly lifecycle paper@0.10.2~prepush: Args: [ '-c', 'gulp test --branch develop' ]
10 silly lifecycle paper@0.10.2~prepush: Returned: code: 1  signal: null
11 info lifecycle paper@0.10.2~prepush: Failed to exec prepush script
12 verbose stack Error: paper@0.10.2 prepush: `gulp test --branch develop`
12 verbose stack Exit status 1
12 verbose stack     at EventEmitter.<anonymous> (/Users/blinginbeckwith/.nvm/versions/node/v6.9.2/lib/node_modules/npm/lib/utils/lifecycle.js:255:16)
12 verbose stack     at emitTwo (events.js:106:13)
12 verbose stack     at EventEmitter.emit (events.js:191:7)
12 verbose stack     at ChildProcess.<anonymous> (/Users/blinginbeckwith/.nvm/versions/node/v6.9.2/lib/node_modules/npm/lib/utils/spawn.js:40:14)
12 verbose stack     at emitTwo (events.js:106:13)
12 verbose stack     at ChildProcess.emit (events.js:191:7)
12 verbose stack     at maybeClose (internal/child_process.js:877:16)
12 verbose stack     at Process.ChildProcess._handle.onexit (internal/child_process.js:226:5)
13 verbose pkgid paper@0.10.2
14 verbose cwd /Users/blinginbeckwith/Documents/FocalCast/Docker/Node/local_modules/paper.js-src
15 error Darwin 16.4.0
16 error argv "/Users/blinginbeckwith/.nvm/versions/node/v6.9.2/bin/node" "/Users/blinginbeckwith/.nvm/versions/node/v6.9.2/bin/npm" "run" "prepush"
17 error node v6.9.2
18 error npm  v3.10.9
19 error code ELIFECYCLE
20 error paper@0.10.2 prepush: `gulp test --branch develop`
20 error Exit status 1
21 error Failed at the paper@0.10.2 prepush script 'gulp test --branch develop'.
21 error Make sure you have the latest version of node.js and npm installed.
21 error If you do, this is most likely a problem with the paper package,
21 error not with npm itself.
21 error Tell the author that this fails on your system:
21 error     gulp test --branch develop
21 error You can get information on how to open an issue for this project with:
21 error     npm bugs paper
21 error Or if that isn't available, you can get their info via:
21 error     npm owner ls paper
21 error There is likely additional logging output above.
22 verbose exit [ 1, true ]
